d:\foundation\foundation-engine\foundation\vendor\nvrhi\obj\debug\d3d12-shader.obj
d:\foundation\foundation-engine\foundation\vendor\nvrhi\obj\debug\d3d12-constants.obj
d:\foundation\foundation-engine\foundation\vendor\nvrhi\obj\debug\aftermath.obj
d:\foundation\foundation-engine\foundation\vendor\nvrhi\obj\debug\d3d12-device.obj
d:\foundation\foundation-engine\foundation\vendor\nvrhi\obj\debug\d3d12-commandlist.obj
d:\foundation\foundation-engine\foundation\vendor\nvrhi\obj\debug\misc.obj
d:\foundation\foundation-engine\foundation\vendor\nvrhi\obj\debug\validation-commandlist.obj
d:\foundation\foundation-engine\foundation\vendor\nvrhi\obj\debug\d3d12-queries.obj
d:\foundation\foundation-engine\foundation\vendor\nvrhi\obj\debug\state-tracking.obj
d:\foundation\foundation-engine\foundation\vendor\nvrhi\obj\debug\d3d12-descriptor-heap.obj
d:\foundation\foundation-engine\foundation\vendor\nvrhi\obj\debug\d3d12-state-tracking.obj
d:\foundation\foundation-engine\foundation\vendor\nvrhi\obj\debug\utils.obj
d:\foundation\foundation-engine\foundation\vendor\nvrhi\obj\debug\validation-device.obj
d:\foundation\foundation-engine\foundation\vendor\nvrhi\obj\debug\d3d12-buffer.obj
d:\foundation\foundation-engine\foundation\vendor\nvrhi\obj\debug\d3d12-compute.obj
d:\foundation\foundation-engine\foundation\vendor\nvrhi\obj\debug\d3d12-resource-bindings.obj
d:\foundation\foundation-engine\foundation\vendor\nvrhi\obj\debug\d3d12-meshlets.obj
d:\foundation\foundation-engine\foundation\vendor\nvrhi\obj\debug\dxgi-format.obj
d:\foundation\foundation-engine\foundation\vendor\nvrhi\obj\debug\d3d12-texture.obj
d:\foundation\foundation-engine\foundation\vendor\nvrhi\obj\debug\d3d12-raytracing.obj
d:\foundation\foundation-engine\foundation\vendor\nvrhi\obj\debug\format-info.obj
d:\foundation\foundation-engine\foundation\vendor\nvrhi\obj\debug\d3d12-upload.obj
d:\foundation\foundation-engine\foundation\vendor\nvrhi\obj\debug\d3d12-graphics.obj
d:\foundation\foundation-engine\foundation\vendor\nvrhi\bin\debug\nvrhi_d3d12.pdb
d:\foundation\foundation-engine\foundation\vendor\nvrhi\bin\debug\nvrhi_d3d12.lib
d:\foundation\foundation-engine\foundation\vendor\nvrhi\obj\debug\nvrhi_d3d12.tlog\cl.10604.write.1.tlog
d:\foundation\foundation-engine\foundation\vendor\nvrhi\obj\debug\nvrhi_d3d12.tlog\cl.command.1.tlog
d:\foundation\foundation-engine\foundation\vendor\nvrhi\obj\debug\nvrhi_d3d12.tlog\cl.items.tlog
d:\foundation\foundation-engine\foundation\vendor\nvrhi\obj\debug\nvrhi_d3d12.tlog\cl.read.1.tlog
d:\foundation\foundation-engine\foundation\vendor\nvrhi\obj\debug\nvrhi_d3d12.tlog\lib-link.read.1.tlog
d:\foundation\foundation-engine\foundation\vendor\nvrhi\obj\debug\nvrhi_d3d12.tlog\lib-link.write.1.tlog
d:\foundation\foundation-engine\foundation\vendor\nvrhi\obj\debug\nvrhi_d3d12.tlog\lib.command.1.tlog
